<?xml version="1.0" encoding="UTF-8"?>
<!-- Generated by org.testng.reporters.JUnitReportReporter -->
<testsuite hostname="LOGI45" failures="0" tests="6" name="test.FiltroTest" time="33.756" errors="0" timestamp="2021-09-16T14:28:55 ECT" skipped="0">
  <testcase classname="test.FiltroTest" name="crearFiltro" time="15.032"/>
  <system-out/>
  <testcase classname="test.FiltroTest" name="editarFiltro" time="9.952"/>
  <system-out/>
  <testcase classname="test.FiltroTest" name="verSql" time="3.213"/>
  <system-out/>
  <testcase classname="test.FiltroTest" name="eliminarFiltro" time="4.132"/>
  <system-out/>
  <testcase classname="test.FiltroTest" name="exportar" time="1.222"/>
  <system-out/>
  <testcase classname="test.FiltroTest" name="cerrarPestana" time="0.205"/>
  <system-out/>
</testsuite> <!-- test.FiltroTest -->
