<?xml version="1.0" encoding="UTF-8"?>
<!-- Generated by org.testng.reporters.JUnitReportReporter -->
<testsuite hostname="LOGI45" failures="0" tests="1" name="test.SiExHomeTest" time="3.065" errors="0" timestamp="2021-09-16T14:28:55 ECT" skipped="0">
  <testcase classname="test.SiExHomeTest" name="isContenedorDisplayed" time="3.065"/>
  <system-out/>
</testsuite> <!-- test.SiExHomeTest -->
