<?xml version="1.0" encoding="UTF-8"?>
<!-- Generated by org.testng.reporters.JUnitReportReporter -->
<testsuite hostname="LOGI45" failures="0" tests="1" name="test.HomeTest" time="13.867" errors="0" timestamp="2021-09-16T14:28:55 ECT" skipped="0">
  <testcase classname="test.HomeTest" name="aplicacionLogiSiExCargada" time="13.867"/>
  <system-out/>
</testsuite> <!-- test.HomeTest -->
