<?xml version="1.0" encoding="UTF-8"?>
<!-- Generated by org.testng.reporters.JUnitReportReporter -->
<testsuite hostname="LOGI45" failures="0" tests="1" name="test.LoginTest" time="3.339" errors="0" timestamp="2021-09-16T14:28:55 ECT" skipped="0">
  <testcase classname="test.LoginTest" name="ingresoCorrectoALogicorba" time="3.339"/>
  <system-out/>
</testsuite> <!-- test.LoginTest -->
