<?xml version="1.0" encoding="UTF-8"?>
<!-- Generated by org.testng.reporters.JUnitReportReporter -->
<testsuite hostname="LOGI45" failures="0" tests="3" name="test.DefinicionSqlTest" time="43.370" errors="0" timestamp="2021-08-05T14:14:06 ECT" skipped="0">
  <testcase classname="test.DefinicionSqlTest" name="crearDefinicionSql" time="14.816"/>
  <system-out/>
  <testcase classname="test.DefinicionSqlTest" name="editarDefinicionSql" time="25.906"/>
  <system-out/>
  <testcase classname="test.DefinicionSqlTest" name="eliminarDefinicionSql" time="2.648"/>
  <system-out/>
</testsuite> <!-- test.DefinicionSqlTest -->
