<?xml version="1.0" encoding="UTF-8"?>
<!-- Generated by org.testng.reporters.JUnitReportReporter -->
<testsuite hostname="LOGI45" failures="0" tests="4" name="test.ProcesoExternoTest" time="30.003" errors="0" timestamp="2021-08-12T12:27:58 ECT" skipped="0">
  <testcase classname="test.ProcesoExternoTest" name="crearProcesoExterno" time="12.095"/>
  <system-out/>
  <testcase classname="test.ProcesoExternoTest" name="editarProcesoExterno" time="11.955"/>
  <system-out/>
  <testcase classname="test.ProcesoExternoTest" name="eliminarProcesoExterno" time="0.646"/>
  <system-out/>
  <testcase classname="test.ProcesoExternoTest" name="exportarProcesosExterno" time="5.307"/>
  <system-out/>
</testsuite> <!-- test.ProcesoExternoTest -->
