<?xml version="1.0" encoding="UTF-8"?>
<!-- Generated by org.testng.reporters.JUnitReportReporter -->
<testsuite hostname="LOGI45" failures="0" tests="1" name="test.CopiaTramasProcesoTest" time="94.605" errors="0" timestamp="2021-09-08T16:01:32 ECT" skipped="0">
  <testcase classname="test.CopiaTramasProcesoTest" name="copiarTramaProceso" time="94.605"/>
  <system-out/>
</testsuite> <!-- test.CopiaTramasProcesoTest -->
