<?xml version="1.0" encoding="UTF-8"?>
<!-- Generated by org.testng.reporters.JUnitReportReporter -->
<testsuite hostname="LOGI45" failures="0" tests="1" name="logisiex.Ingreso" time="3.584" errors="0" timestamp="2021-03-15T11:26:57 COT" skipped="0">
  <testcase classname="logisiex.Ingreso" name="aplicacionLogiSiExCargada" time="3.584"/>
  <system-out/>
</testsuite> <!-- logisiex.Ingreso -->
