<?xml version="1.0" encoding="UTF-8"?>
<!-- Generated by org.testng.reporters.JUnitReportReporter -->
<testsuite hostname="LOGI45" failures="0" tests="1" name="testCases.SiExHomeTest" time="3.096" errors="0" timestamp="2021-03-19T15:00:36 COT" skipped="0">
  <testcase classname="testCases.SiExHomeTest" name="isContenedorDisplayed" time="3.096"/>
  <system-out/>
</testsuite> <!-- testCases.SiExHomeTest -->
