<?xml version="1.0" encoding="UTF-8"?>
<!-- Generated by org.testng.reporters.JUnitReportReporter -->
<testsuite hostname="LOGI45" failures="0" tests="1" name="general.Login" time="2.551" errors="0" timestamp="2021-03-15T11:26:57 COT" skipped="0">
  <testcase classname="general.Login" name="ingresoCorrectoALogicorba" time="2.551"/>
  <system-out/>
</testsuite> <!-- general.Login -->
