<?xml version="1.0" encoding="UTF-8"?>
<!-- Generated by org.testng.reporters.JUnitReportReporter -->
<testsuite hostname="LOGI45" failures="0" tests="3" name="logisiex.DefinicionSQL" time="17.099" errors="0" timestamp="2021-03-15T11:26:57 COT" skipped="0">
  <testcase classname="logisiex.DefinicionSQL" name="crearDefinicionSql" time="4.520"/>
  <system-out/>
  <testcase classname="logisiex.DefinicionSQL" name="editarDefinicionSql" time="11.374"/>
  <system-out/>
  <testcase classname="logisiex.DefinicionSQL" name="eliminarDefinicionSql" time="1.205"/>
  <system-out/>
</testsuite> <!-- logisiex.DefinicionSQL -->
