<?xml version="1.0" encoding="UTF-8"?>
<!-- Generated by org.testng.reporters.JUnitReportReporter -->
<testsuite hostname="coyote-pc" failures="0" tests="2" name="com.logiciel.test.pom.ServidorTest" time="48.541" errors="0" timestamp="2021-03-10T09:05:00 ECT" skipped="0">
  <testcase classname="com.logiciel.test.pom.ServidorTest" name="loginExitoso" time="38.604"/>
  <system-out/>
  <testcase classname="com.logiciel.test.pom.ServidorTest" name="crearServidores" time="9.937"/>
  <system-out/>
</testsuite> <!-- com.logiciel.test.pom.ServidorTest -->
